{"total": {"lines":{"total":51,"covered":20,"skipped":0,"pct":39.21},"statements":{"total":53,"covered":21,"skipped":0,"pct":39.62},"functions":{"total":22,"covered":9,"skipped":0,"pct":40.9},"branches":{"total":19,"covered":2,"skipped":0,"pct":10.52},"branchesTrue":{"total":0,"covered":0,"skipped":0,"pct":100}}
,"/Users/ainsley/Desktop/Web/tools/scribe-form/src/js/common/log.ts": {"lines":{"total":5,"covered":2,"skipped":0,"pct":40},"functions":{"total":3,"covered":0,"skipped":0,"pct":0},"statements":{"total":5,"covered":2,"skipped":0,"pct":40},"branches":{"total":0,"covered":0,"skipped":0,"pct":100}}
,"/Users/ainsley/Desktop/Web/tools/scribe-form/src/js/validation/built-in.ts": {"lines":{"total":39,"covered":16,"skipped":0,"pct":41.02},"functions":{"total":16,"covered":9,"skipped":0,"pct":56.25},"statements":{"total":40,"covered":17,"skipped":0,"pct":42.5},"branches":{"total":18,"covered":2,"skipped":0,"pct":11.11}}
,"/Users/ainsley/Desktop/Web/tools/scribe-form/src/js/validation/util.ts": {"lines":{"total":7,"covered":2,"skipped":0,"pct":28.57},"functions":{"total":3,"covered":0,"skipped":0,"pct":0},"statements":{"total":8,"covered":2,"skipped":0,"pct":25},"branches":{"total":1,"covered":0,"skipped":0,"pct":0}}
}
