{"/Users/ainsley/Desktop/Web/tools/scribe-form/src/js/validation/built-in.ts": {"path":"/Users/ainsley/Desktop/Web/tools/scribe-form/src/js/validation/built-in.ts","statementMap":{"0":{"start":{"line":12,"column":0},"end":{"line":12,"column":40}},"1":{"start":{"line":13,"column":0},"end":{"line":13,"column":34}},"2":{"start":{"line":30,"column":8},"end":{"line":30,"column":24}},"3":{"start":{"line":31,"column":8},"end":{"line":31,"column":83}},"4":{"start":{"line":31,"column":32},"end":{"line":31,"column":81}},"5":{"start":{"line":42,"column":8},"end":{"line":45,"column":null}},"6":{"start":{"line":43,"column":12},"end":{"line":43,"column":null}},"7":{"start":{"line":44,"column":12},"end":{"line":44,"column":19}},"8":{"start":{"line":46,"column":8},"end":{"line":48,"column":null}},"9":{"start":{"line":47,"column":12},"end":{"line":47,"column":25}},"10":{"start":{"line":49,"column":8},"end":{"line":49,"column":null}},"11":{"start":{"line":50,"column":2},"end":{"line":50,"column":14}},"12":{"start":{"line":56,"column":2},"end":{"line":62,"column":null}},"13":{"start":{"line":58,"column":19},"end":{"line":58,"column":48}},"14":{"start":{"line":59,"column":35},"end":{"line":62,"column":5}},"15":{"start":{"line":69,"column":29},"end":{"line":163,"column":2}},"16":{"start":{"line":74,"column":26},"end":{"line":74,"column":34}},"17":{"start":{"line":75,"column":12},"end":{"line":77,"column":null}},"18":{"start":{"line":76,"column":16},"end":{"line":76,"column":50}},"19":{"start":{"line":78,"column":12},"end":{"line":78,"column":55}},"20":{"start":{"line":85,"column":12},"end":{"line":88,"column":14}},"21":{"start":{"line":95,"column":12},"end":{"line":95,"column":61}},"22":{"start":{"line":102,"column":12},"end":{"line":104,"column":14}},"23":{"start":{"line":112,"column":12},"end":{"line":112,"column":68}},"24":{"start":{"line":119,"column":12},"end":{"line":119,"column":null}},"25":{"start":{"line":126,"column":12},"end":{"line":128,"column":null}},"26":{"start":{"line":127,"column":16},"end":{"line":127,"column":null}},"27":{"start":{"line":129,"column":12},"end":{"line":129,"column":null}},"28":{"start":{"line":136,"column":12},"end":{"line":138,"column":null}},"29":{"start":{"line":137,"column":16},"end":{"line":137,"column":null}},"30":{"start":{"line":139,"column":12},"end":{"line":139,"column":null}},"31":{"start":{"line":146,"column":24},"end":{"line":146,"column":56}},"32":{"start":{"line":147,"column":22},"end":{"line":147,"column":40}},"33":{"start":{"line":148,"column":12},"end":{"line":148,"column":null}},"34":{"start":{"line":155,"column":44},"end":{"line":155,"column":76}},"35":{"start":{"line":156,"column":12},"end":{"line":159,"column":null}},"36":{"start":{"line":157,"column":16},"end":{"line":157,"column":null}},"37":{"start":{"line":158,"column":16},"end":{"line":158,"column":29}},"38":{"start":{"line":160,"column":12},"end":{"line":160,"column":43}},"39":{"start":{"line":165,"column":13},"end":{"line":165,"column":43}}},"fnMap":{"0":{"name":"(anonymous_0)","decl":{"start":{"line":29,"column":4},"end":{"line":29,"column":null}},"loc":{"start":{"line":29,"column":4},"end":{"line":32,"column":5}}},"1":{"name":"(anonymous_1)","decl":{"start":{"line":31,"column":24},"end":{"line":31,"column":28}},"loc":{"start":{"line":31,"column":32},"end":{"line":31,"column":81}}},"2":{"name":"(anonymous_2)","decl":{"start":{"line":41,"column":4},"end":{"line":41,"column":7}},"loc":{"start":{"line":41,"column":79},"end":{"line":51,"column":5}}},"3":{"name":"(anonymous_3)","decl":{"start":{"line":55,"column":1},"end":{"line":55,"column":5}},"loc":{"start":{"line":55,"column":5},"end":{"line":63,"column":2}}},"4":{"name":"(anonymous_4)","decl":{"start":{"line":58,"column":9},"end":{"line":58,"column":10}},"loc":{"start":{"line":58,"column":19},"end":{"line":58,"column":48}}},"5":{"name":"(anonymous_5)","decl":{"start":{"line":59,"column":11},"end":{"line":59,"column":12}},"loc":{"start":{"line":59,"column":35},"end":{"line":62,"column":5}}},"6":{"name":"(anonymous_6)","decl":{"start":{"line":73,"column":18},"end":{"line":73,"column":19}},"loc":{"start":{"line":73,"column":52},"end":{"line":79,"column":9}}},"7":{"name":"(anonymous_7)","decl":{"start":{"line":84,"column":18},"end":{"line":84,"column":19}},"loc":{"start":{"line":84,"column":52},"end":{"line":89,"column":9}}},"8":{"name":"(anonymous_8)","decl":{"start":{"line":94,"column":18},"end":{"line":94,"column":19}},"loc":{"start":{"line":94,"column":52},"end":{"line":96,"column":9}}},"9":{"name":"(anonymous_9)","decl":{"start":{"line":101,"column":18},"end":{"line":101,"column":19}},"loc":{"start":{"line":101,"column":52},"end":{"line":106,"column":9}}},"10":{"name":"(anonymous_10)","decl":{"start":{"line":111,"column":18},"end":{"line":111,"column":19}},"loc":{"start":{"line":111,"column":65},"end":{"line":113,"column":9}}},"11":{"name":"(anonymous_11)","decl":{"start":{"line":118,"column":18},"end":{"line":118,"column":19}},"loc":{"start":{"line":118,"column":65},"end":{"line":120,"column":9}}},"12":{"name":"(anonymous_12)","decl":{"start":{"line":125,"column":18},"end":{"line":125,"column":19}},"loc":{"start":{"line":125,"column":64},"end":{"line":130,"column":9}}},"13":{"name":"(anonymous_13)","decl":{"start":{"line":135,"column":18},"end":{"line":135,"column":19}},"loc":{"start":{"line":135,"column":64},"end":{"line":140,"column":9}}},"14":{"name":"(anonymous_14)","decl":{"start":{"line":145,"column":18},"end":{"line":145,"column":19}},"loc":{"start":{"line":145,"column":66},"end":{"line":149,"column":9}}},"15":{"name":"(anonymous_15)","decl":{"start":{"line":154,"column":18},"end":{"line":154,"column":19}},"loc":{"start":{"line":154,"column":67},"end":{"line":161,"column":9}}}},"branchMap":{"0":{"loc":{"start":{"line":42,"column":8},"end":{"line":45,"column":null}},"type":"if","locations":[{"start":{"line":42,"column":8},"end":{"line":45,"column":null}}]},"1":{"loc":{"start":{"line":46,"column":8},"end":{"line":48,"column":null}},"type":"if","locations":[{"start":{"line":46,"column":8},"end":{"line":48,"column":null}}]},"2":{"loc":{"start":{"line":75,"column":12},"end":{"line":77,"column":null}},"type":"if","locations":[{"start":{"line":75,"column":12},"end":{"line":77,"column":null}}]},"3":{"loc":{"start":{"line":75,"column":16},"end":{"line":75,"column":61}},"type":"binary-expr","locations":[{"start":{"line":75,"column":16},"end":{"line":75,"column":35}},{"start":{"line":75,"column":39},"end":{"line":75,"column":61}}]},"4":{"loc":{"start":{"line":78,"column":19},"end":{"line":78,"column":54}},"type":"binary-expr","locations":[{"start":{"line":78,"column":19},"end":{"line":78,"column":38}},{"start":{"line":78,"column":42},"end":{"line":78,"column":54}}]},"5":{"loc":{"start":{"line":95,"column":19},"end":{"line":95,"column":60}},"type":"binary-expr","locations":[{"start":{"line":95,"column":19},"end":{"line":95,"column":28}},{"start":{"line":95,"column":32},"end":{"line":95,"column":60}}]},"6":{"loc":{"start":{"line":112,"column":19},"end":{"line":112,"column":67}},"type":"binary-expr","locations":[{"start":{"line":112,"column":19},"end":{"line":112,"column":28}},{"start":{"line":112,"column":32},"end":{"line":112,"column":67}}]},"7":{"loc":{"start":{"line":119,"column":19},"end":{"line":119,"column":67}},"type":"binary-expr","locations":[{"start":{"line":119,"column":19},"end":{"line":119,"column":28}},{"start":{"line":119,"column":32},"end":{"line":119,"column":67}}]},"8":{"loc":{"start":{"line":126,"column":12},"end":{"line":128,"column":null}},"type":"if","locations":[{"start":{"line":126,"column":12},"end":{"line":128,"column":null}}]},"9":{"loc":{"start":{"line":136,"column":12},"end":{"line":138,"column":null}},"type":"if","locations":[{"start":{"line":136,"column":12},"end":{"line":138,"column":null}}]},"10":{"loc":{"start":{"line":148,"column":19},"end":{"line":148,"column":71}},"type":"binary-expr","locations":[{"start":{"line":148,"column":19},"end":{"line":148,"column":28}},{"start":{"line":148,"column":32},"end":{"line":148,"column":71}}]},"11":{"loc":{"start":{"line":156,"column":12},"end":{"line":159,"column":null}},"type":"if","locations":[{"start":{"line":156,"column":12},"end":{"line":159,"column":null}}]}},"s":{"0":1,"1":1,"2":1,"3":1,"4":10,"5":10,"6":0,"7":0,"8":10,"9":0,"10":10,"11":10,"12":10,"13":45,"14":55,"15":1,"16":0,"17":0,"18":0,"19":0,"20":5,"21":0,"22":0,"23":0,"24":0,"25":0,"26":0,"27":0,"28":0,"29":0,"30":0,"31":0,"32":0,"33":0,"34":0,"35":0,"36":0,"37":0,"38":0,"39":1},"f":{"0":1,"1":10,"2":10,"3":10,"4":45,"5":55,"6":0,"7":5,"8":0,"9":0,"10":0,"11":0,"12":0,"13":0,"14":0,"15":0},"b":{"0":[0],"1":[0],"2":[0],"3":[0,0],"4":[0,0],"5":[0,0],"6":[0,0],"7":[0,0],"8":[0],"9":[0],"10":[0,0],"11":[0]}}
}
